2024-11-12 13:43:45,479 [INFO] Activator:176 - 


2024-11-12 13:43:45,481 [INFO] Activator:177 - !SESSION log4j initialized
2024-11-12 13:43:48,589 [INFO] LogOutputStream:77 - [STDOUT_REDIRECT] 
2024-11-12 13:43:51,567 [INFO] ApplicationProperties:184 - Using Application install path: C:\ST\STM32CubeIDE_1.16.1\STM32CubeIDE\plugins\com.st.stm32cube.common.mx_6.12.1.202409122256
2024-11-12 13:43:51,586 [INFO] DbMcusXml:78 - Set database path to: C:\ST\STM32CubeIDE_1.16.1\STM32CubeIDE\plugins\com.st.stm32cube.common.mx_6.12.1.202409122256\\db\/mcu/
2024-11-12 13:43:51,586 [INFO] ApiDb:274 - Set plugin database path to: C:\ST\STM32CubeIDE_1.16.1\STM32CubeIDE\plugins\com.st.stm32cube.common.mx_6.12.1.202409122256\\db\/plugins/boardmanager/
2024-11-12 13:43:51,587 [WARN] ApiDb:259 - Overriding images path with different value:  => C:\ST\STM32CubeIDE_1.16.1\STM32CubeIDE\plugins\com.st.stm32cube.common.mx_6.12.1.202409122256\\db\/plugins/mcufinder/images/
2024-11-12 13:43:53,145 [WARN] ApiFinderProperties:113 - C:\Users\User\.stmcufinder\plugins\mcufinder\mcu\mcuFinder.mfd doesn't exist
2024-11-12 13:43:53,146 [INFO] ApiDb:250 - Set database path to: C:\Users\User\.stmcufinder\plugins\mcufinder//mcu/
2024-11-12 13:43:53,147 [INFO] DbMcusAds:125 - Set database path to: C:\Users\User\.stmcufinder\plugins\mcufinder//mcu/
2024-11-12 13:43:53,150 [INFO] CrossReferenceDbSqlite:203 - Set database path to: C:\Users\User\.stmcufinder\plugins\mcufinder//mcu/cs/
2024-11-12 13:43:53,269 [INFO] RulesReader:64 - Compatibility file has been processed (297 Rules)
2024-11-12 13:43:53,354 [INFO] DbMcusXml:78 - Set database path to: C:\ST\STM32CubeIDE_1.16.1\STM32CubeIDE\plugins\com.st.stm32cube.common.mx_6.12.1.202409122256\\db\/mcu/
2024-11-12 13:43:53,355 [INFO] ApiDb:274 - Set plugin database path to: C:\ST\STM32CubeIDE_1.16.1\STM32CubeIDE\plugins\com.st.stm32cube.common.mx_6.12.1.202409122256\\db\/plugins/boardmanager/
2024-11-12 13:43:53,355 [INFO] ApiDb:261 - Set plugin images path to: C:\ST\STM32CubeIDE_1.16.1\STM32CubeIDE\plugins\com.st.stm32cube.common.mx_6.12.1.202409122256\\db\/plugins/mcufinder/images/
2024-11-12 13:43:53,355 [WARN] DbFile:41 - Overriding database path with different value: C:\Users\User\.stmcufinder\plugins\mcufinder/ => C:\Users\User\.stmcufinder\plugins\mcufinder
2024-11-12 13:43:53,355 [INFO] ApiDb:250 - Set database path to: C:\Users\User\.stmcufinder\plugins\mcufinder//mcu/
2024-11-12 13:43:53,356 [WARN] DbFile:41 - Overriding database path with different value: C:\Users\User\.stmcufinder\plugins\mcufinder/ => C:\Users\User\.stmcufinder\plugins\mcufinder
2024-11-12 13:43:53,356 [INFO] DbMcusAds:125 - Set database path to: C:\Users\User\.stmcufinder\plugins\mcufinder//mcu/
2024-11-12 13:43:53,356 [WARN] DbFile:41 - Overriding database path with different value: C:\Users\User\.stmcufinder\plugins\mcufinder/ => C:\Users\User\.stmcufinder\plugins\mcufinder
2024-11-12 13:43:53,356 [WARN] DbFile:41 - Overriding database path with different value: C:\Users\User\.stmcufinder\plugins\mcufinder/ => C:\Users\User\.stmcufinder\plugins\mcufinder
2024-11-12 13:43:53,356 [INFO] CrossReferenceDbSqlite:203 - Set database path to: C:\Users\User\.stmcufinder\plugins\mcufinder//mcu/cs/
2024-11-12 13:43:53,465 [INFO] MainPanel:268 - HeapMemory: 268435456
2024-11-12 13:43:53,581 [INFO] DbMcusXml:78 - Set database path to: C:\ST\STM32CubeIDE_1.16.1\STM32CubeIDE\plugins\com.st.stm32cube.common.mx_6.12.1.202409122256\\db\/mcu/
2024-11-12 13:43:53,581 [INFO] ApiDb:274 - Set plugin database path to: C:\ST\STM32CubeIDE_1.16.1\STM32CubeIDE\plugins\com.st.stm32cube.common.mx_6.12.1.202409122256\\db\/plugins/boardmanager/
2024-11-12 13:43:53,581 [INFO] ApiDb:261 - Set plugin images path to: C:\ST\STM32CubeIDE_1.16.1\STM32CubeIDE\plugins\com.st.stm32cube.common.mx_6.12.1.202409122256\\db\/plugins/mcufinder/images/
2024-11-12 13:43:53,582 [WARN] DbFile:41 - Overriding database path with different value: C:\Users\User\.stmcufinder\plugins\mcufinder/ => C:\Users\User\.stmcufinder\plugins\mcufinder
2024-11-12 13:43:53,582 [INFO] ApiDb:250 - Set database path to: C:\Users\User\.stmcufinder\plugins\mcufinder//mcu/
2024-11-12 13:43:53,582 [WARN] DbFile:41 - Overriding database path with different value: C:\Users\User\.stmcufinder\plugins\mcufinder/ => C:\Users\User\.stmcufinder\plugins\mcufinder
2024-11-12 13:43:53,582 [INFO] DbMcusAds:125 - Set database path to: C:\Users\User\.stmcufinder\plugins\mcufinder//mcu/
2024-11-12 13:43:53,582 [WARN] DbFile:41 - Overriding database path with different value: C:\Users\User\.stmcufinder\plugins\mcufinder/ => C:\Users\User\.stmcufinder\plugins\mcufinder
2024-11-12 13:43:53,582 [WARN] DbFile:41 - Overriding database path with different value: C:\Users\User\.stmcufinder\plugins\mcufinder/ => C:\Users\User\.stmcufinder\plugins\mcufinder
2024-11-12 13:43:53,582 [INFO] CrossReferenceDbSqlite:203 - Set database path to: C:\Users\User\.stmcufinder\plugins\mcufinder//mcu/cs/
2024-11-12 13:43:53,604 [INFO] ApplicationProperties:184 - Using Application install path: C:\ST\STM32CubeIDE_1.16.1\STM32CubeIDE\plugins\com.st.stm32cube.common.mx_6.12.1.202409122256
2024-11-12 13:43:53,608 [INFO] PluginManage:196 - Search for loadable plugins [exclusion list=, ]
2024-11-12 13:43:53,609 [INFO] PluginManage:310 - Check plugin analytics
2024-11-12 13:43:53,807 [INFO] AnalyticsPlugin:253 - Accepted Software Licenses: 
2024-11-12 13:43:53,807 [INFO] AnalyticsPlugin:255 - Accepted CMSIS Pack Licenses: 
2024-11-12 13:43:53,807 [INFO] AnalyticsPlugin:257 - Accepted Firmware Licenses: 
2024-11-12 13:43:53,810 [INFO] PluginManage:359 - Loaded plugin analytics (category:tool,tabindex:-1)
2024-11-12 13:43:53,810 [INFO] PluginManage:310 - Check plugin cadmodel
2024-11-12 13:43:53,830 [INFO] CADModel:105 - Init CAD model plugin
2024-11-12 13:43:53,830 [INFO] PluginManage:359 - Loaded plugin cadmodel (category:power,tabindex:5)
2024-11-12 13:43:53,830 [INFO] PluginManage:310 - Check plugin clock
2024-11-12 13:43:53,854 [INFO] PluginManage:359 - Loaded plugin clock (category:base,tabindex:2)
2024-11-12 13:43:53,855 [INFO] PluginManage:310 - Check plugin ddr
2024-11-12 13:43:53,857 [INFO] PluginManage:359 - Loaded plugin ddr (category:tool,tabindex:6)
2024-11-12 13:43:53,857 [INFO] PluginManage:310 - Check plugin filemanager
2024-11-12 13:43:53,999 [INFO] PluginManage:359 - Loaded plugin filemanager (category:base,tabindex:10)
2024-11-12 13:43:53,999 [INFO] PluginManage:310 - Check plugin ipmanager
2024-11-12 13:43:54,007 [INFO] PluginManage:359 - Loaded plugin ipmanager (category:base,tabindex:5)
2024-11-12 13:43:54,007 [INFO] PluginManage:310 - Check plugin lpbam
2024-11-12 13:43:54,028 [INFO] PluginManage:359 - Loaded plugin lpbam (category:base,tabindex:0)
2024-11-12 13:43:54,028 [INFO] PluginManage:310 - Check plugin memorymap
2024-11-12 13:43:54,056 [INFO] PluginManage:359 - Loaded plugin memorymap (category:base,tabindex:4)
2024-11-12 13:43:54,056 [INFO] PluginManage:310 - Check plugin pinoutandconfiguration
2024-11-12 13:43:54,076 [INFO] PluginManage:359 - Loaded plugin pinoutandconfiguration (category:base,tabindex:1)
2024-11-12 13:43:54,076 [INFO] PluginManage:310 - Check plugin pinoutconfig
2024-11-12 13:43:54,233 [WARN] SupportedApi:132 - Cannot load RTOS API schema: s4s-elt-must-match.1: The content of 'definitions' must match (annotation?, (simpleType | complexType)?, (unique | key | keyref)*)). A problem was found starting at: attribute.
2024-11-12 13:43:54,368 [INFO] PluginManage:359 - Loaded plugin pinoutconfig (category:base,tabindex:0)
2024-11-12 13:43:54,368 [INFO] PluginManage:310 - Check plugin power
2024-11-12 13:43:54,390 [INFO] PluginManage:359 - Loaded plugin power (category:power,tabindex:4)
2024-11-12 13:43:54,390 [INFO] PluginManage:310 - Check plugin projectmanager
2024-11-12 13:43:54,408 [INFO] PluginManage:359 - Loaded plugin projectmanager (category:projectmanager,tabindex:4)
2024-11-12 13:43:54,409 [INFO] PluginManage:310 - Check plugin rif
2024-11-12 13:43:54,426 [INFO] PluginManage:359 - Loaded plugin rif (category:base,tabindex:3)
2024-11-12 13:43:54,426 [INFO] PluginManage:310 - Check plugin thirdparty
2024-11-12 13:43:54,680 [INFO] PluginManage:359 - Loaded plugin thirdparty (category:base,tabindex:-1)
2024-11-12 13:43:54,680 [INFO] PluginManage:310 - Check plugin tools
2024-11-12 13:43:54,680 [WARN] IntegrityCheckThread:84 - waiting for thirdparty lock release [integrity check]
2024-11-12 13:43:54,682 [INFO] IntegrityCheckThread:86 - entering critical section [integrity check]
2024-11-12 13:43:54,682 [INFO] ThirdPartyUpdaterWithRetryManager:70 - Updater plugin not ready yet. [1/15]
2024-11-12 13:43:54,720 [INFO] PluginManage:359 - Loaded plugin tools (category:base,tabindex:7)
2024-11-12 13:43:54,720 [INFO] PluginManage:310 - Check plugin tutovideos
2024-11-12 13:43:54,918 [INFO] PluginManage:359 - Loaded plugin tutovideos (category:base,tabindex:-1)
2024-11-12 13:43:54,918 [INFO] PluginManage:310 - Check plugin updater
2024-11-12 13:43:54,936 [INFO] PluginManage:359 - Loaded plugin updater (category:base,tabindex:12)
2024-11-12 13:43:54,936 [INFO] PluginManage:310 - Check plugin userauth
2024-11-12 13:43:54,944 [INFO] UserAuth:113 - Init User Auth plugin
2024-11-12 13:43:54,944 [INFO] PluginManage:359 - Loaded plugin userauth (category:base,tabindex:14)
2024-11-12 13:43:54,944 [INFO] PluginManage:283 - PluginManage : Loaded plugins [18]
2024-11-12 13:43:55,112 [INFO] PinOutPanel:1561 - setPackage(No Configuration,No Configuration)
2024-11-12 13:43:55,185 [INFO] CADModel:165 - CPN selected for project level
2024-11-12 13:43:55,185 [INFO] CADModel:114 - Register for checkConnection events
2024-11-12 13:43:55,211 [INFO] IPUIPlugin:80 - create IPUIPlugin
2024-11-12 13:43:55,212 [INFO] PluginManager:220 - loadIPPluginJar : add adc
2024-11-12 13:43:55,257 [INFO] IPUIPlugin:80 - create IPUIPlugin
2024-11-12 13:43:55,257 [INFO] PluginManager:220 - loadIPPluginJar : add aes
2024-11-12 13:43:55,312 [INFO] IPUIPlugin:80 - create IPUIPlugin
2024-11-12 13:43:55,312 [INFO] PluginManager:220 - loadIPPluginJar : add can
2024-11-12 13:43:55,342 [INFO] IPUIPlugin:80 - create IPUIPlugin
2024-11-12 13:43:55,343 [INFO] PluginManager:220 - loadIPPluginJar : add comp
2024-11-12 13:43:55,382 [INFO] IPUIPlugin:80 - create IPUIPlugin
2024-11-12 13:43:55,382 [INFO] PluginManager:220 - loadIPPluginJar : add cryp
2024-11-12 13:43:55,396 [INFO] IPUIPlugin:80 - create IPUIPlugin
2024-11-12 13:43:55,396 [INFO] PluginManager:220 - loadIPPluginJar : add ddr_ctrl_phy
2024-11-12 13:43:55,431 [INFO] IPUIPlugin:80 - create IPUIPlugin
2024-11-12 13:43:55,431 [INFO] PluginManager:220 - loadIPPluginJar : add dfsdm
2024-11-12 13:43:55,447 [INFO] IPUIPlugin:80 - create IPUIPlugin
2024-11-12 13:43:55,448 [INFO] PluginManager:220 - loadIPPluginJar : add dma
2024-11-12 13:43:55,509 [INFO] IPUIPlugin:80 - create IPUIPlugin
2024-11-12 13:43:55,510 [INFO] PluginManager:220 - loadIPPluginJar : add dma3
2024-11-12 13:43:55,574 [INFO] IPUIPlugin:80 - create IPUIPlugin
2024-11-12 13:43:55,575 [INFO] PluginManager:220 - loadIPPluginJar : add extmemmanager
2024-11-12 13:43:55,604 [INFO] IPUIPlugin:80 - create IPUIPlugin
2024-11-12 13:43:55,604 [INFO] PluginManager:220 - loadIPPluginJar : add fatfs
2024-11-12 13:43:55,662 [INFO] IPUIPlugin:80 - create IPUIPlugin
2024-11-12 13:43:55,662 [INFO] PluginManager:220 - loadIPPluginJar : add fmc
2024-11-12 13:43:55,679 [INFO] IPUIPlugin:80 - create IPUIPlugin
2024-11-12 13:43:55,679 [INFO] PluginManager:220 - loadIPPluginJar : add freertos
2024-11-12 13:43:55,703 [INFO] IPUIPlugin:80 - create IPUIPlugin
2024-11-12 13:43:55,703 [INFO] PluginManager:220 - loadIPPluginJar : add genericplugin
2024-11-12 13:43:55,815 [INFO] IPUIPlugin:80 - create IPUIPlugin
2024-11-12 13:43:55,815 [INFO] PluginManager:220 - loadIPPluginJar : add gfxmmu
2024-11-12 13:43:55,972 [INFO] IPUIPlugin:80 - create IPUIPlugin
2024-11-12 13:43:55,972 [INFO] PluginManager:220 - loadIPPluginJar : add gic
2024-11-12 13:43:55,988 [INFO] IPUIPlugin:80 - create IPUIPlugin
2024-11-12 13:43:55,988 [INFO] PluginManager:220 - loadIPPluginJar : add gpio
2024-11-12 13:43:56,103 [INFO] IPUIPlugin:80 - create IPUIPlugin
2024-11-12 13:43:56,104 [INFO] PluginManager:220 - loadIPPluginJar : add gtzc
2024-11-12 13:43:56,146 [INFO] IPUIPlugin:80 - create IPUIPlugin
2024-11-12 13:43:56,146 [INFO] PluginManager:220 - loadIPPluginJar : add hash
2024-11-12 13:43:56,206 [INFO] IPUIPlugin:80 - create IPUIPlugin
2024-11-12 13:43:56,206 [INFO] PluginManager:220 - loadIPPluginJar : add i2c
2024-11-12 13:43:56,255 [INFO] IPUIPlugin:80 - create IPUIPlugin
2024-11-12 13:43:56,255 [INFO] PluginManager:220 - loadIPPluginJar : add i2s
2024-11-12 13:43:56,314 [INFO] IPUIPlugin:80 - create IPUIPlugin
2024-11-12 13:43:56,314 [INFO] PluginManager:220 - loadIPPluginJar : add i3c
2024-11-12 13:43:56,510 [INFO] IPUIPlugin:80 - create IPUIPlugin
2024-11-12 13:43:56,510 [INFO] PluginManager:220 - loadIPPluginJar : add ipddr
2024-11-12 13:43:56,663 [INFO] IPUIPlugin:80 - create IPUIPlugin
2024-11-12 13:43:56,664 [INFO] PluginManager:220 - loadIPPluginJar : add linkedlist
2024-11-12 13:43:56,703 [INFO] IPUIPlugin:80 - create IPUIPlugin
2024-11-12 13:43:56,703 [INFO] PluginManager:220 - loadIPPluginJar : add lorawan
2024-11-12 13:43:56,748 [INFO] IPUIPlugin:80 - create IPUIPlugin
2024-11-12 13:43:56,748 [INFO] PluginManager:220 - loadIPPluginJar : add ltdc
2024-11-12 13:43:56,764 [INFO] IPUIPlugin:80 - create IPUIPlugin
2024-11-12 13:43:56,765 [INFO] PluginManager:220 - loadIPPluginJar : add mdma
2024-11-12 13:43:56,779 [INFO] IPUIPlugin:80 - create IPUIPlugin
2024-11-12 13:43:56,779 [INFO] PluginManager:220 - loadIPPluginJar : add nvic
2024-11-12 13:43:56,828 [INFO] IPUIPlugin:80 - create IPUIPlugin
2024-11-12 13:43:56,828 [INFO] PluginManager:220 - loadIPPluginJar : add opamp
2024-11-12 13:43:56,908 [INFO] IPUIPlugin:80 - create IPUIPlugin
2024-11-12 13:43:56,909 [INFO] PluginManager:220 - loadIPPluginJar : add openamp
2024-11-12 13:43:56,967 [INFO] IPUIPlugin:80 - create IPUIPlugin
2024-11-12 13:43:56,967 [INFO] PluginManager:220 - loadIPPluginJar : add pdm2pcm
2024-11-12 13:43:56,983 [INFO] IPUIPlugin:80 - create IPUIPlugin
2024-11-12 13:43:56,985 [INFO] PluginManager:220 - loadIPPluginJar : add plateformsettings
2024-11-12 13:43:57,015 [INFO] IPUIPlugin:80 - create IPUIPlugin
2024-11-12 13:43:57,015 [INFO] PluginManager:220 - loadIPPluginJar : add quadspi
2024-11-12 13:43:57,052 [INFO] IPUIPlugin:80 - create IPUIPlugin
2024-11-12 13:43:57,052 [INFO] PluginManager:220 - loadIPPluginJar : add radio
2024-11-12 13:43:57,067 [INFO] IPUIPlugin:80 - create IPUIPlugin
2024-11-12 13:43:57,067 [INFO] PluginManager:220 - loadIPPluginJar : add resmgrutility
2024-11-12 13:43:57,128 [INFO] IPUIPlugin:80 - create IPUIPlugin
2024-11-12 13:43:57,128 [INFO] PluginManager:220 - loadIPPluginJar : add sai
2024-11-12 13:43:57,169 [INFO] IPUIPlugin:80 - create IPUIPlugin
2024-11-12 13:43:57,169 [INFO] PluginManager:220 - loadIPPluginJar : add spi
2024-11-12 13:43:57,253 [INFO] IPUIPlugin:80 - create IPUIPlugin
2024-11-12 13:43:57,253 [INFO] PluginManager:220 - loadIPPluginJar : add stm32_wpan
2024-11-12 13:43:57,281 [INFO] IPUIPlugin:80 - create IPUIPlugin
2024-11-12 13:43:57,281 [INFO] PluginManager:220 - loadIPPluginJar : add tim
2024-11-12 13:43:57,356 [INFO] IPUIPlugin:80 - create IPUIPlugin
2024-11-12 13:43:57,356 [INFO] PluginManager:220 - loadIPPluginJar : add touchsensing
2024-11-12 13:43:57,382 [INFO] IPUIPlugin:80 - create IPUIPlugin
2024-11-12 13:43:57,382 [INFO] PluginManager:220 - loadIPPluginJar : add tracer_emb
2024-11-12 13:43:57,410 [INFO] IPUIPlugin:80 - create IPUIPlugin
2024-11-12 13:43:57,410 [INFO] PluginManager:220 - loadIPPluginJar : add ts
2024-11-12 13:43:57,436 [INFO] IPUIPlugin:80 - create IPUIPlugin
2024-11-12 13:43:57,436 [INFO] PluginManager:220 - loadIPPluginJar : add tsc
2024-11-12 13:43:57,460 [INFO] IPUIPlugin:80 - create IPUIPlugin
2024-11-12 13:43:57,460 [INFO] PluginManager:220 - loadIPPluginJar : add ucpd
2024-11-12 13:43:57,509 [INFO] IPUIPlugin:80 - create IPUIPlugin
2024-11-12 13:43:57,509 [INFO] PluginManager:220 - loadIPPluginJar : add usart
2024-11-12 13:43:57,557 [INFO] IPUIPlugin:80 - create IPUIPlugin
2024-11-12 13:43:57,558 [INFO] PluginManager:220 - loadIPPluginJar : add usbx
2024-11-12 13:43:57,683 [INFO] ThirdPartyUpdaterWithRetryManager:70 - Updater plugin not ready yet. [2/15]
2024-11-12 13:43:57,684 [INFO] CADModel:165 - CPN selected for project level
2024-11-12 13:43:57,684 [INFO] CADModel:114 - Register for checkConnection events
2024-11-12 13:43:57,684 [FATAL] Updater:334 - Updater called before beeing initialized
2024-11-12 13:43:57,685 [ERROR] CADModel:125 - Updater not yet initialized, retry later 
2024-11-12 13:43:57,813 [INFO] CADModel:165 - CPN selected for project level
2024-11-12 13:43:57,814 [INFO] CADModel:114 - Register for checkConnection events
2024-11-12 13:43:57,814 [FATAL] Updater:334 - Updater called before beeing initialized
2024-11-12 13:43:57,814 [ERROR] CADModel:125 - Updater not yet initialized, retry later 
2024-11-12 13:43:57,816 [FATAL] Updater:334 - Updater called before beeing initialized
2024-11-12 13:43:57,929 [FATAL] Updater:334 - Updater called before beeing initialized
2024-11-12 13:43:57,935 [INFO] DbMcusAds:53 - JSON generation date=Thu Sep 30 08:55:09 CEST 2021 (1632984909247)
2024-11-12 13:43:57,935 [FATAL] Updater:334 - Updater called before beeing initialized
2024-11-12 13:43:57,990 [WARN] DetailPanel:346 - Failed to get advertising image, set to default
2024-11-12 13:43:58,088 [FATAL] Updater:334 - Updater called before beeing initialized
2024-11-12 13:43:58,089 [FATAL] Updater:334 - Updater called before beeing initialized
2024-11-12 13:43:58,090 [FATAL] Updater:334 - Updater called before beeing initialized
2024-11-12 13:43:58,090 [WARN] DetailPanel:346 - Failed to get advertising image, set to default
2024-11-12 13:43:58,091 [FATAL] Updater:334 - Updater called before beeing initialized
2024-11-12 13:43:58,181 [ERROR] Updater:1164 - MainUpdater not yet initialized. External WinMGr cannot be set.
2024-11-12 13:43:58,199 [INFO] Updater:1100 - Updater Version found : 6.12.1
2024-11-12 13:43:58,226 [INFO] ApplicationProperties:184 - Using Application install path: C:\ST\STM32CubeIDE_1.16.1\STM32CubeIDE\plugins\com.st.stm32cube.common.mx_6.12.1.202409122256
2024-11-12 13:43:58,265 [INFO] MainUpdater:526 - Copy updater definitions from MX database
2024-11-12 13:43:58,308 [INFO] MainUpdater:559 - Copy flag file definitions from MX database
2024-11-12 13:43:58,310 [INFO] MainUpdater:575 - Copy thirdparty index definitions from MX database
2024-11-12 13:43:58,312 [INFO] MainUpdater:594 - Copy default thirdparty db definitions from MX database
2024-11-12 13:43:58,737 [INFO] MainUpdater:2873 - connection check result : 10
2024-11-12 13:43:58,738 [INFO] MainUpdater:3567 - Updater definition file requires update
2024-11-12 13:43:58,738 [INFO] MainUpdater:290 - Updater Check For Update Now.
2024-11-12 13:43:58,739 [INFO] MicroXplorer:498 - Change Database Version : DB.6.0.121
2024-11-12 13:43:58,765 [INFO] McuFinderGlobals:63 - Set McuFinder mode to 2 (CubeIDE integrated)
2024-11-12 13:43:58,765 [INFO] UserAuth:179 - activating auth plugin
2024-11-12 13:43:58,768 [INFO] UserAuth:417 - Internet connection configuration mode: 1
2024-11-12 13:43:58,785 [INFO] JxBrowserEngine:152 - Initiate JxBrowser Engine with user profile folder
2024-11-12 13:43:58,867 [INFO] ServerAccessManage:473 - Download File updaters.zip
2024-11-12 13:43:58,996 [INFO] FileExtend:240 - Unzip File : updaters.zip
2024-11-12 13:43:58,996 [INFO] FileExtend:255 - Standard Zip Deflate
2024-11-12 13:43:59,937 [INFO] ServerAccessManage:473 - Download File PacksControlFlags.xml
2024-11-12 13:44:00,160 [INFO] ServerAccessManage:473 - Download File cubemx.pidx
2024-11-12 13:44:00,347 [INFO] ServerAccessManage:473 - Download File STMicroelectronics.FP-ATR-ASTRA1.pdsc
2024-11-12 13:44:00,598 [INFO] ServerAccessManage:473 - Download File STMicroelectronics.FP-ATR-SIGFOX1.pdsc
2024-11-12 13:44:00,689 [WARN] MainUpdater:1194 - Updater busy. Cannot search thirdparties
2024-11-12 13:44:00,689 [INFO] ThirdPartyUpdaterWithRetryManager:96 - Updater plugin is busy. [1/15]
2024-11-12 13:44:00,868 [INFO] ServerAccessManage:473 - Download File STMicroelectronics.FP-SNS-STBOX1.pdsc
2024-11-12 13:44:01,143 [INFO] ServerAccessManage:473 - Download File STMicroelectronics.FP-SNS-FLIGHT1.pdsc
2024-11-12 13:44:01,612 [INFO] ServerAccessManage:473 - Download File STMicroelectronics.FP-SNS-MOTENV1.pdsc
2024-11-12 13:44:02,122 [INFO] ServerAccessManage:473 - Download File STMicroelectronics.FP-SNS-MOTENVWB1.pdsc
2024-11-12 13:44:02,525 [INFO] ServerAccessManage:473 - Download File STMicroelectronics.FP-SNS-SMARTAG2.pdsc
2024-11-12 13:44:02,794 [INFO] ServerAccessManage:473 - Download File STMicroelectronics.X-CUBE-AI.pdsc
2024-11-12 13:44:03,697 [WARN] MainUpdater:1194 - Updater busy. Cannot search thirdparties
2024-11-12 13:44:03,697 [INFO] ThirdPartyUpdaterWithRetryManager:96 - Updater plugin is busy. [2/15]
2024-11-12 13:44:04,705 [INFO] ServerAccessManage:473 - Download File STMicroelectronics.X-CUBE-ALS.pdsc
2024-11-12 13:44:05,240 [INFO] ServerAccessManage:473 - Download File STMicroelectronics.X-CUBE-BLE1.pdsc
2024-11-12 13:44:05,699 [INFO] WebApp:167 - Instantiating new browser for Auth
2024-11-12 13:44:06,473 [INFO] WebApp:448 - Apply proxy settings
2024-11-12 13:44:06,473 [INFO] WebApp:533 - Chromium requires no authentication
2024-11-12 13:44:06,484 [INFO] WebApp:476 - Direct internet connection detected
2024-11-12 13:44:06,513 [INFO] WebApp:869 - Register for checkConnection events
2024-11-12 13:44:06,513 [INFO] WebApp:448 - Apply proxy settings
2024-11-12 13:44:06,513 [INFO] WebApp:533 - Chromium requires no authentication
2024-11-12 13:44:06,513 [INFO] WebApp:476 - Direct internet connection detected
2024-11-12 13:44:06,605 [ERROR] ServerAccessManage:1089 - Problem, file not found on Server
2024-11-12 13:44:06,670 [INFO] ServerAccessManage:473 - Download File STMicroelectronics.X-CUBE-BLE2.pdsc
2024-11-12 13:44:06,708 [INFO] WebApp:220 - Starting web application
2024-11-12 13:44:06,708 [INFO] WebApp:578 - Web application path used C:\ST\STM32CubeIDE_1.16.1\STM32CubeIDE\plugins\com.st.stm32cube.common.mx_6.12.1.202409122256\db\plugins\mcufinder\reactClient1\index.html
2024-11-12 13:44:06,713 [WARN] MainUpdater:1194 - Updater busy. Cannot search thirdparties
2024-11-12 13:44:06,713 [INFO] ThirdPartyUpdaterWithRetryManager:96 - Updater plugin is busy. [3/15]
2024-11-12 13:44:07,004 [INFO] WebApp:186 - Connection restablished
2024-11-12 13:44:08,003 [INFO] ServerAccessManage:473 - Download File STMicroelectronics.X-CUBE-BLEMGR.pdsc
2024-11-12 13:44:08,872 [INFO] ServerAccessManage:473 - Download File STMicroelectronics.X-CUBE-DISPLAY.pdsc
2024-11-12 13:44:09,595 [INFO] ServerAccessManage:473 - Download File STMicroelectronics.X-CUBE-DPOWER.pdsc
2024-11-12 13:44:09,728 [WARN] MainUpdater:1194 - Updater busy. Cannot search thirdparties
2024-11-12 13:44:09,728 [INFO] ThirdPartyUpdaterWithRetryManager:96 - Updater plugin is busy. [4/15]
2024-11-12 13:44:09,869 [ERROR] ServerAccessManage:1089 - Problem, file not found on Server
2024-11-12 13:44:10,091 [ERROR] ServerAccessManage:1089 - Problem, file not found on Server
2024-11-12 13:44:10,227 [ERROR] ServerAccessManage:1089 - Problem, file not found on Server
2024-11-12 13:44:10,351 [ERROR] ServerAccessManage:1089 - Problem, file not found on Server
2024-11-12 13:44:10,518 [ERROR] ServerAccessManage:1089 - Problem, file not found on Server
2024-11-12 13:44:10,645 [ERROR] ServerAccessManage:1089 - Problem, file not found on Server
2024-11-12 13:44:10,802 [ERROR] ServerAccessManage:1089 - Problem, file not found on Server
2024-11-12 13:44:10,919 [ERROR] ServerAccessManage:1089 - Problem, file not found on Server
2024-11-12 13:44:11,095 [ERROR] ServerAccessManage:1089 - Problem, file not found on Server
2024-11-12 13:44:11,305 [ERROR] ServerAccessManage:1089 - Problem, file not found on Server
2024-11-12 13:44:11,477 [ERROR] ServerAccessManage:1089 - Problem, file not found on Server
2024-11-12 13:44:11,595 [INFO] ServerAccessManage:473 - Download File STMicroelectronics.X-CUBE-EEPRMA1.pdsc
2024-11-12 13:44:11,912 [ERROR] ServerAccessManage:1089 - Problem, file not found on Server
2024-11-12 13:44:12,312 [ERROR] ServerAccessManage:1089 - Problem, file not found on Server
2024-11-12 13:44:12,728 [WARN] MainUpdater:1194 - Updater busy. Cannot search thirdparties
2024-11-12 13:44:12,728 [INFO] ThirdPartyUpdaterWithRetryManager:96 - Updater plugin is busy. [5/15]
2024-11-12 13:44:12,774 [INFO] ServerAccessManage:473 - Download File STMicroelectronics.X-CUBE-FREERTOS.pdsc
2024-11-12 13:44:13,295 [INFO] ServerAccessManage:473 - Download File STMicroelectronics.X-CUBE-GNSS1.pdsc
2024-11-12 13:44:14,512 [ERROR] ServerAccessManage:1089 - Problem, file not found on Server
2024-11-12 13:44:14,689 [ERROR] ServerAccessManage:1089 - Problem, file not found on Server
2024-11-12 13:44:14,844 [ERROR] ServerAccessManage:1089 - Problem, file not found on Server
2024-11-12 13:44:14,985 [ERROR] ServerAccessManage:1089 - Problem, file not found on Server
2024-11-12 13:44:15,116 [ERROR] ServerAccessManage:1089 - Problem, file not found on Server
2024-11-12 13:44:15,307 [ERROR] ServerAccessManage:1089 - Problem, file not found on Server
2024-11-12 13:44:15,360 [INFO] ServerAccessManage:473 - Download File STMicroelectronics.X-CUBE-ISPU.pdsc
2024-11-12 13:44:15,729 [WARN] MainUpdater:1194 - Updater busy. Cannot search thirdparties
2024-11-12 13:44:15,729 [INFO] ThirdPartyUpdaterWithRetryManager:96 - Updater plugin is busy. [6/15]
2024-11-12 13:44:15,964 [INFO] ServerAccessManage:473 - Download File STMicroelectronics.X-CUBE-IPS.pdsc
2024-11-12 13:44:16,256 [INFO] ServerAccessManage:473 - Download File STMicroelectronics.X-CUBE-MEMS1.pdsc
2024-11-12 13:44:18,730 [WARN] MainUpdater:1194 - Updater busy. Cannot search thirdparties
2024-11-12 13:44:18,730 [INFO] ThirdPartyUpdaterWithRetryManager:96 - Updater plugin is busy. [7/15]
2024-11-12 13:44:18,964 [INFO] ServerAccessManage:473 - Download File STMicroelectronics.X-CUBE-NFC4.pdsc
2024-11-12 13:44:20,243 [INFO] ServerAccessManage:473 - Download File STMicroelectronics.X-CUBE-NFC6.pdsc
2024-11-12 13:44:20,554 [INFO] ServerAccessManage:473 - Download File STMicroelectronics.X-CUBE-NFC7.pdsc
2024-11-12 13:44:20,901 [INFO] ServerAccessManage:473 - Download File STMicroelectronics.X-CUBE-NFC9.pdsc
2024-11-12 13:44:21,071 [INFO] ServerAccessManage:473 - Download File STMicroelectronics.X-CUBE-NFC10.pdsc
2024-11-12 13:44:21,286 [INFO] ServerAccessManage:473 - Download File STMicroelectronics.X-CUBE-SFXS2LP1.pdsc
2024-11-12 13:44:21,681 [INFO] ServerAccessManage:473 - Download File STMicroelectronics.X-CUBE-SAFEA1.pdsc
2024-11-12 13:44:21,730 [WARN] MainUpdater:1194 - Updater busy. Cannot search thirdparties
2024-11-12 13:44:21,730 [INFO] ThirdPartyUpdaterWithRetryManager:96 - Updater plugin is busy. [8/15]
2024-11-12 13:44:21,879 [INFO] ServerAccessManage:473 - Download File STMicroelectronics.X-CUBE-SUBG2.pdsc
2024-11-12 13:44:22,865 [INFO] ServerAccessManage:473 - Download File STMicroelectronics.X-CUBE-SMBUS.pdsc
2024-11-12 13:44:23,123 [ERROR] ServerAccessManage:1089 - Problem, file not found on Server
2024-11-12 13:44:23,174 [INFO] ServerAccessManage:473 - Download File STMicroelectronics.X-CUBE-TCPP.pdsc
2024-11-12 13:44:23,330 [INFO] ServerAccessManage:473 - Download File STMicroelectronics.X-CUBE-TOF1.pdsc
2024-11-12 13:44:24,522 [ERROR] ServerAccessManage:1089 - Problem, file not found on Server
2024-11-12 13:44:24,729 [INFO] ServerAccessManage:473 - Download File STMicroelectronics.X-CUBE-TOUCHGFX.pdsc
2024-11-12 13:44:24,738 [WARN] MainUpdater:1194 - Updater busy. Cannot search thirdparties
2024-11-12 13:44:24,738 [INFO] ThirdPartyUpdaterWithRetryManager:96 - Updater plugin is busy. [9/15]
2024-11-12 13:44:26,848 [INFO] ServerAccessManage:473 - Download File STMicroelectronics.X-CUBE-ALGOBUILD.pdsc
2024-11-12 13:44:27,495 [INFO] ServerAccessManage:473 - Download File STMicroelectronics.X-CUBE-AZRTOS-H7.pdsc
2024-11-12 13:44:27,741 [WARN] MainUpdater:1194 - Updater busy. Cannot search thirdparties
2024-11-12 13:44:27,741 [INFO] ThirdPartyUpdaterWithRetryManager:96 - Updater plugin is busy. [10/15]
2024-11-12 13:44:28,562 [INFO] ServerAccessManage:473 - Download File STMicroelectronics.X-CUBE-AZRTOS-H7RS.pdsc
2024-11-12 13:44:28,862 [INFO] ServerAccessManage:473 - Download File STMicroelectronics.X-CUBE-AZRTOS-F4.pdsc
2024-11-12 13:44:29,253 [INFO] ServerAccessManage:473 - Download File STMicroelectronics.X-CUBE-AZRTOS-F7.pdsc
2024-11-12 13:44:29,606 [INFO] ServerAccessManage:473 - Download File STMicroelectronics.X-CUBE-AZRTOS-L4.pdsc
2024-11-12 13:44:29,919 [INFO] ServerAccessManage:473 - Download File STMicroelectronics.X-CUBE-AZRTOS-L5.pdsc
2024-11-12 13:44:30,393 [INFO] ServerAccessManage:473 - Download File STMicroelectronics.X-CUBE-AZRTOS-G0.pdsc
2024-11-12 13:44:30,684 [INFO] ServerAccessManage:473 - Download File STMicroelectronics.X-CUBE-AZRTOS-G4.pdsc
2024-11-12 13:44:30,751 [WARN] MainUpdater:1194 - Updater busy. Cannot search thirdparties
2024-11-12 13:44:30,751 [INFO] ThirdPartyUpdaterWithRetryManager:96 - Updater plugin is busy. [11/15]
2024-11-12 13:44:31,036 [INFO] ServerAccessManage:473 - Download File STMicroelectronics.X-CUBE-AZRTOS-WB.pdsc
2024-11-12 13:44:31,331 [INFO] ServerAccessManage:473 - Download File STMicroelectronics.X-CUBE-AZRTOS-WL.pdsc
2024-11-12 13:44:31,601 [INFO] ServerAccessManage:473 - Download File STMicroelectronics.X-CUBE-WB05N.pdsc
2024-11-12 13:44:32,306 [INFO] ServerAccessManage:473 - Download File wolfSSL.I-CUBE-wolfSSL.pdsc
2024-11-12 13:44:33,767 [WARN] MainUpdater:1194 - Updater busy. Cannot search thirdparties
2024-11-12 13:44:33,767 [INFO] ThirdPartyUpdaterWithRetryManager:96 - Updater plugin is busy. [12/15]
2024-11-12 13:44:36,578 [ERROR] ServerAccessManage:1089 - Problem, file not found on Server
2024-11-12 13:44:36,777 [WARN] MainUpdater:1194 - Updater busy. Cannot search thirdparties
2024-11-12 13:44:36,777 [INFO] ThirdPartyUpdaterWithRetryManager:96 - Updater plugin is busy. [13/15]
2024-11-12 13:44:36,992 [ERROR] ServerAccessManage:1089 - Problem, file not found on Server
2024-11-12 13:44:37,416 [ERROR] ServerAccessManage:1089 - Problem, file not found on Server
2024-11-12 13:44:37,544 [INFO] ServerAccessManage:473 - Download File wolfSSL.I-CUBE-wolfMQTT.pdsc
2024-11-12 13:44:38,557 [ERROR] ServerAccessManage:1089 - Problem, file not found on Server
2024-11-12 13:44:38,684 [INFO] ServerAccessManage:473 - Download File wolfSSL.I-CUBE-wolfTPM.pdsc
2024-11-12 13:44:39,788 [WARN] MainUpdater:1194 - Updater busy. Cannot search thirdparties
2024-11-12 13:44:39,788 [INFO] ThirdPartyUpdaterWithRetryManager:96 - Updater plugin is busy. [14/15]
2024-11-12 13:44:39,826 [INFO] ServerAccessManage:473 - Download File wolfSSL.I-CUBE-wolfSSH.pdsc
2024-11-12 13:44:41,491 [INFO] ServerAccessManage:473 - Download File RealThread.X-CUBE-RT-Thread_Nano.pdsc
2024-11-12 13:44:41,860 [INFO] ServerAccessManage:473 - Download File SEGGER.I-CUBE-embOS.pdsc
2024-11-12 13:44:42,522 [INFO] ServerAccessManage:473 - Download File portGmbH.I-Cube-SoM-uGOAL.pdsc
2024-11-12 13:44:42,791 [WARN] MainUpdater:1194 - Updater busy. Cannot search thirdparties
2024-11-12 13:44:42,791 [INFO] ThirdPartyUpdaterWithRetryManager:96 - Updater plugin is busy. [15/15]
2024-11-12 13:44:42,791 [ERROR] IntegrityCheckThread:130 - Cannot retrieve database content from updater: error -1
2024-11-12 13:44:42,791 [INFO] ThirdParty:978 - Integrity check success = false
2024-11-12 13:44:42,792 [INFO] IntegrityCheckThread:100 - exiting critical section [integrity check]
2024-11-12 13:44:42,792 [INFO] IntegrityCheckThread:103 - End integrity checks thread
2024-11-12 13:44:42,855 [ERROR] ServerAccessManage:1089 - Problem, file not found on Server
2024-11-12 13:44:42,884 [ERROR] ServerAccessManage:1089 - Problem, file not found on Server
2024-11-12 13:44:42,917 [ERROR] ServerAccessManage:1089 - Problem, file not found on Server
2024-11-12 13:44:43,124 [INFO] ServerAccessManage:473 - Download File emotas.I-CUBE-CANOPEN.pdsc
2024-11-12 13:44:44,018 [INFO] ServerAccessManage:473 - Download File WES.I-CUBE-Cesium.pdsc
2024-11-12 13:44:44,638 [ERROR] ServerAccessManage:1089 - Problem, file not found on Server
2024-11-12 13:44:44,916 [ERROR] ServerAccessManage:1089 - Problem, file not found on Server
2024-11-12 13:44:45,605 [INFO] ServerAccessManage:473 - Download File ITTIA_DB.I-CUBE-ITTIADB.pdsc
2024-11-12 13:44:49,064 [INFO] ServerAccessManage:473 - Download File Infineon.AIROC-Wi-Fi-Bluetooth-STM32.pdsc
2024-11-12 13:44:51,831 [INFO] ServerAccessManage:473 - Download File Cesanta.I-CUBE-Mongoose.pdsc
2024-11-12 13:44:52,931 [INFO] ServerAccessManage:473 - Download File EmbeddedOffice.I-CUBE-FS-RTOS.pdsc
2024-11-12 13:44:53,606 [INFO] ServerAccessManage:473 - Download File quantropi.X-CUBE-qispace-sdk-base.pdsc
2024-11-12 13:44:53,887 [WARN] PackLoader:240 - Cannot read IP mode file for STMicroelectronics.FP-ATR-ASTRA1.2.0.1
2024-11-12 13:44:53,897 [WARN] PackLoader:240 - Cannot read IP mode file for STMicroelectronics.FP-ATR-SIGFOX1.3.2.0
2024-11-12 13:44:53,913 [WARN] PackLoader:240 - Cannot read IP mode file for STMicroelectronics.FP-SNS-STBOX1.2.0.0
2024-11-12 13:44:53,929 [WARN] PackLoader:240 - Cannot read IP mode file for STMicroelectronics.FP-SNS-FLIGHT1.5.0.2
2024-11-12 13:44:53,936 [WARN] PackLoader:240 - Cannot read IP mode file for STMicroelectronics.FP-SNS-MOTENV1.5.0.0
2024-11-12 13:44:53,948 [WARN] PackLoader:240 - Cannot read IP mode file for STMicroelectronics.FP-SNS-MOTENVWB1.1.4.0
2024-11-12 13:44:53,963 [WARN] PackLoader:240 - Cannot read IP mode file for STMicroelectronics.FP-SNS-SMARTAG2.1.2.0
2024-11-12 13:44:53,970 [WARN] PackLoader:240 - Cannot read IP mode file for STMicroelectronics.X-CUBE-AI.9.1.0
2024-11-12 13:44:53,979 [WARN] PackLoader:240 - Cannot read IP mode file for STMicroelectronics.X-CUBE-ALS.1.0.2
2024-11-12 13:44:53,990 [WARN] PackLoader:240 - Cannot read IP mode file for STMicroelectronics.X-CUBE-BLE1.7.0.0
2024-11-12 13:44:53,998 [WARN] CheckServerUpdateThread:151 - Open CheckUpdateFile Fail
2024-11-12 13:44:53,999 [WARN] PackLoader:240 - Cannot read IP mode file for STMicroelectronics.X-CUBE-BLE2.3.3.0
2024-11-12 13:44:54,020 [WARN] PackLoader:240 - Cannot read IP mode file for STMicroelectronics.X-CUBE-BLEMGR.3.1.0
2024-11-12 13:44:54,040 [WARN] PackLoader:240 - Cannot read IP mode file for STMicroelectronics.X-CUBE-DISPLAY.3.0.0
2024-11-12 13:44:54,059 [WARN] PackLoader:240 - Cannot read IP mode file for STMicroelectronics.X-CUBE-DPower.1.2.0
2024-11-12 13:44:54,069 [WARN] PackLoader:240 - Cannot read IP mode file for STMicroelectronics.X-CUBE-EEPRMA1.5.1.0
2024-11-12 13:44:54,081 [WARN] PackLoader:240 - Cannot read IP mode file for STMicroelectronics.X-CUBE-FREERTOS.1.2.0
2024-11-12 13:44:54,090 [WARN] PackLoader:240 - Cannot read IP mode file for STMicroelectronics.X-CUBE-GNSS1.7.0.0
2024-11-12 13:44:54,098 [WARN] PackLoader:240 - Cannot read IP mode file for STMicroelectronics.X-CUBE-ISPU.2.1.0
2024-11-12 13:44:54,117 [WARN] PackLoader:240 - Cannot read IP mode file for STMicroelectronics.X-CUBE-IPS.3.0.0
2024-11-12 13:44:54,146 [INFO] CheckServerUpdateThread:120 - End of CheckServer Thread
2024-11-12 13:44:54,172 [WARN] PackLoader:240 - Cannot read IP mode file for STMicroelectronics.X-CUBE-MEMS1.11.0.0
2024-11-12 13:44:54,344 [WARN] PackLoader:240 - Cannot read IP mode file for STMicroelectronics.X-CUBE-NFC4.3.0.0
2024-11-12 13:44:54,354 [WARN] PackLoader:240 - Cannot read IP mode file for STMicroelectronics.X-CUBE-NFC6.3.1.0
2024-11-12 13:44:54,361 [WARN] PackLoader:240 - Cannot read IP mode file for STMicroelectronics.X-CUBE-NFC7.1.0.1
2024-11-12 13:44:54,370 [WARN] PackLoader:240 - Cannot read IP mode file for STMicroelectronics.X-CUBE-NFC9.1.0.0
2024-11-12 13:44:54,381 [WARN] PackLoader:240 - Cannot read IP mode file for STMicroelectronics.X-CUBE-NFC10.1.0.0
2024-11-12 13:44:54,390 [WARN] PackLoader:240 - Cannot read IP mode file for STMicroelectronics.X-CUBE-SFXS2LP1.4.0.0
2024-11-12 13:44:54,399 [WARN] PackLoader:240 - Cannot read IP mode file for STMicroelectronics.X-CUBE-SAFEA1.1.2.2
2024-11-12 13:44:54,413 [WARN] PackLoader:240 - Cannot read IP mode file for STMicroelectronics.X-CUBE-SUBG2.5.0.0
2024-11-12 13:44:54,427 [WARN] PackLoader:240 - Cannot read IP mode file for STMicroelectronics.X-CUBE-SMBUS.2.1.0
2024-11-12 13:44:54,434 [WARN] PackLoader:240 - Cannot read IP mode file for STMicroelectronics.X-CUBE-TCPP.4.1.0
2024-11-12 13:44:54,457 [WARN] PackLoader:240 - Cannot read IP mode file for STMicroelectronics.X-CUBE-TOF1.3.4.2
2024-11-12 13:44:54,472 [WARN] PackLoader:240 - Cannot read IP mode file for STMicroelectronics.X-CUBE-TOUCHGFX.4.24.1
2024-11-12 13:44:54,479 [WARN] PackLoader:240 - Cannot read IP mode file for STMicroelectronics.X-CUBE-ALGOBUILD.1.4.0
2024-11-12 13:44:54,510 [WARN] PackLoader:240 - Cannot read IP mode file for STMicroelectronics.X-CUBE-AZRTOS-H7.3.3.0
2024-11-12 13:44:54,531 [WARN] PackLoader:240 - Cannot read IP mode file for STMicroelectronics.X-CUBE-AZRTOS-H7RS.1.0.0
2024-11-12 13:44:54,549 [WARN] PackLoader:240 - Cannot read IP mode file for STMicroelectronics.X-CUBE-AZRTOS-F4.1.1.0
2024-11-12 13:44:54,567 [WARN] PackLoader:240 - Cannot read IP mode file for STMicroelectronics.X-CUBE-AZRTOS-F7.1.1.0
2024-11-12 13:44:54,587 [WARN] ConditionMgr:438 - getConditionDescription Invalid condition id : LAN8742 Phy interface Condition cause : null
2024-11-12 13:44:54,587 [WARN] PackLoader:240 - Cannot read IP mode file for STMicroelectronics.X-CUBE-AZRTOS-L4.2.0.0
2024-11-12 13:44:54,588 [WARN] ConditionMgr:1039 - genDependencies : Invalid condition id : LAN8742 Phy interface Condition cause : null
2024-11-12 13:44:54,589 [WARN] ConditionMgr:1039 - genDependencies : Invalid condition id : LAN8742 Phy interface Condition cause : null
2024-11-12 13:44:54,589 [WARN] ConditionMgr:1039 - genDependencies : Invalid condition id : LAN8742 Phy interface Condition cause : null
2024-11-12 13:44:54,606 [WARN] PackLoader:240 - Cannot read IP mode file for STMicroelectronics.X-CUBE-AZRTOS-L5.2.0.0
2024-11-12 13:44:54,622 [WARN] PackLoader:240 - Cannot read IP mode file for STMicroelectronics.X-CUBE-AZRTOS-G0.1.1.0
2024-11-12 13:44:54,640 [WARN] PackLoader:240 - Cannot read IP mode file for STMicroelectronics.X-CUBE-AZRTOS-G4.2.0.0
2024-11-12 13:44:54,655 [WARN] ConditionMgr:438 - getConditionDescription Invalid condition id : UX DEVICE CLASS RTOS Condition cause : null
2024-11-12 13:44:54,655 [WARN] ConditionMgr:438 - getConditionDescription Invalid condition id : UX DEVICE CLASS RTOS Condition cause : null
2024-11-12 13:44:54,658 [WARN] PackLoader:240 - Cannot read IP mode file for STMicroelectronics.X-CUBE-AZRTOS-WB.2.0.0
2024-11-12 13:44:54,659 [WARN] ConditionMgr:1039 - genDependencies : Invalid condition id : UX DEVICE CLASS RTOS Condition cause : null
2024-11-12 13:44:54,659 [WARN] ConditionMgr:1039 - genDependencies : Invalid condition id : UX DEVICE CLASS RTOS Condition cause : null
2024-11-12 13:44:54,659 [WARN] ConditionMgr:1039 - genDependencies : Invalid condition id : UX DEVICE CLASS RTOS Condition cause : null
2024-11-12 13:44:54,659 [WARN] ConditionMgr:1039 - genDependencies : Invalid condition id : UX DEVICE CLASS RTOS Condition cause : null
2024-11-12 13:44:54,660 [WARN] ConditionMgr:1039 - genDependencies : Invalid condition id : UX DEVICE CLASS RTOS Condition cause : null
2024-11-12 13:44:54,668 [INFO] LogOutputStream:77 - [STDOUT_REDIRECT] 1 : Invalid condition id : UX_CORESTACK_Condition cause : null
2024-11-12 13:44:54,669 [INFO] LogOutputStream:77 - [STDOUT_REDIRECT] 1 : Invalid condition id : UX_CORESTACK_Condition cause : null
2024-11-12 13:44:54,671 [INFO] LogOutputStream:77 - [STDOUT_REDIRECT] 1 : Invalid condition id : UX_CORESTACK_Condition cause : null
2024-11-12 13:44:54,672 [INFO] LogOutputStream:77 - [STDOUT_REDIRECT] 1 : Invalid condition id : UX_CORESTACK_Condition cause : null
2024-11-12 13:44:54,674 [INFO] LogOutputStream:77 - [STDOUT_REDIRECT] 1 : Invalid condition id : UX_CORESTACK_Condition cause : null
2024-11-12 13:44:54,677 [WARN] PackLoader:240 - Cannot read IP mode file for STMicroelectronics.X-CUBE-AZRTOS-WL.2.0.0
2024-11-12 13:44:54,683 [WARN] PackLoader:240 - Cannot read IP mode file for STMicroelectronics.X-CUBE-WB05N.1.1.0
2024-11-12 13:44:54,688 [WARN] PackLoader:240 - Cannot read IP mode file for wolfSSL.I-CUBE-wolfSSL.5.7.4
2024-11-12 13:44:54,691 [WARN] PackLoader:240 - Cannot read IP mode file for wolfSSL.I-CUBE-wolfMQTT.1.19.0
2024-11-12 13:44:54,695 [WARN] PackLoader:240 - Cannot read IP mode file for wolfSSL.I-CUBE-wolfTPM.3.4.0
2024-11-12 13:44:54,698 [WARN] PackLoader:240 - Cannot read IP mode file for wolfSSL.I-CUBE-wolfSSH.1.4.17
2024-11-12 13:44:54,703 [WARN] PackLoader:240 - Cannot read IP mode file for RealThread.X-CUBE-RT-Thread_Nano.4.1.1
2024-11-12 13:44:54,735 [WARN] PackLoader:240 - Cannot read IP mode file for SEGGER.I-CUBE-embOS.1.3.1
2024-11-12 13:44:54,778 [WARN] PackLoader:240 - Cannot read IP mode file for portGmbH.I-Cube-SoM-uGOAL.1.1.0
2024-11-12 13:44:54,782 [WARN] PackLoader:240 - Cannot read IP mode file for emotas.I-CUBE-CANOPEN.1.3.0
2024-11-12 13:44:54,788 [WARN] PackLoader:240 - Cannot read IP mode file for WES.I-CUBE-Cesium.1.3.0
2024-11-12 13:44:54,794 [WARN] PackLoader:240 - Cannot read IP mode file for ITTIA_DB.I-CUBE-ITTIADB.8.9.0
2024-11-12 13:44:54,823 [WARN] PackLoader:240 - Cannot read IP mode file for Infineon.AIROC-Wi-Fi-Bluetooth-STM32.1.6.1
2024-11-12 13:44:54,833 [WARN] PackLoader:240 - Cannot read IP mode file for Cesanta.I-CUBE-Mongoose.7.13.0
2024-11-12 13:44:54,841 [WARN] PackLoader:240 - Cannot read IP mode file for EmbeddedOffice.I-CUBE-FS-RTOS.1.0.1
2024-11-12 13:44:54,841 [ERROR] ConditionMgr:805 - Attr not supported : Dmpu
2024-11-12 13:44:54,842 [ERROR] ConditionMgr:805 - Attr not supported : Dmpu
2024-11-12 13:44:54,842 [ERROR] ConditionMgr:805 - Attr not supported : Dmpu
2024-11-12 13:44:54,842 [ERROR] ConditionMgr:805 - Attr not supported : Dmpu
2024-11-12 13:44:54,842 [ERROR] ConditionMgr:805 - Attr not supported : Dmpu
2024-11-12 13:44:54,842 [ERROR] ConditionMgr:805 - Attr not supported : Dmpu
2024-11-12 13:44:54,842 [ERROR] ConditionMgr:805 - Attr not supported : Dmpu
2024-11-12 13:44:54,842 [ERROR] ConditionMgr:805 - Attr not supported : Dmpu
2024-11-12 13:44:54,842 [ERROR] ConditionMgr:805 - Attr not supported : Dmpu
2024-11-12 13:44:54,842 [ERROR] ConditionMgr:805 - Attr not supported : Dmpu
2024-11-12 13:44:54,842 [ERROR] ConditionMgr:805 - Attr not supported : Dmpu
2024-11-12 13:44:54,842 [ERROR] ConditionMgr:805 - Attr not supported : Dmpu
2024-11-12 13:44:54,842 [ERROR] ConditionMgr:805 - Attr not supported : Dmpu
2024-11-12 13:44:54,842 [ERROR] ConditionMgr:805 - Attr not supported : Dmpu
2024-11-12 13:44:54,842 [ERROR] ConditionMgr:805 - Attr not supported : Dmpu
2024-11-12 13:44:54,842 [ERROR] ConditionMgr:805 - Attr not supported : Dmpu
2024-11-12 13:44:54,842 [ERROR] ConditionMgr:805 - Attr not supported : Dmpu
2024-11-12 13:44:54,842 [ERROR] ConditionMgr:805 - Attr not supported : Dmpu
2024-11-12 13:44:54,843 [ERROR] ConditionMgr:805 - Attr not supported : Dmpu
2024-11-12 13:44:54,843 [ERROR] ConditionMgr:805 - Attr not supported : Dmpu
2024-11-12 13:44:54,843 [ERROR] ConditionMgr:805 - Attr not supported : Dmpu
2024-11-12 13:44:54,843 [ERROR] ConditionMgr:805 - Attr not supported : Dmpu
2024-11-12 13:44:54,843 [ERROR] ConditionMgr:805 - Attr not supported : Dmpu
2024-11-12 13:44:54,843 [ERROR] ConditionMgr:805 - Attr not supported : Dmpu
2024-11-12 13:44:54,843 [ERROR] ConditionMgr:805 - Attr not supported : Dmpu
2024-11-12 13:44:54,843 [ERROR] ConditionMgr:805 - Attr not supported : Dmpu
2024-11-12 13:44:54,843 [ERROR] ConditionMgr:805 - Attr not supported : Dmpu
2024-11-12 13:44:54,843 [ERROR] ConditionMgr:805 - Attr not supported : Dmpu
2024-11-12 13:44:54,843 [ERROR] ConditionMgr:805 - Attr not supported : Dmpu
2024-11-12 13:44:54,843 [ERROR] ConditionMgr:805 - Attr not supported : Dmpu
2024-11-12 13:44:54,843 [ERROR] ConditionMgr:805 - Attr not supported : Dmpu
2024-11-12 13:44:54,843 [ERROR] ConditionMgr:805 - Attr not supported : Dmpu
2024-11-12 13:44:54,843 [ERROR] ConditionMgr:805 - Attr not supported : Dmpu
2024-11-12 13:44:54,843 [ERROR] ConditionMgr:805 - Attr not supported : Dmpu
2024-11-12 13:44:54,843 [ERROR] ConditionMgr:805 - Attr not supported : Dmpu
2024-11-12 13:44:54,843 [ERROR] ConditionMgr:805 - Attr not supported : Dmpu
2024-11-12 13:44:54,843 [ERROR] ConditionMgr:805 - Attr not supported : Dmpu
2024-11-12 13:44:54,844 [ERROR] ConditionMgr:805 - Attr not supported : Dmpu
2024-11-12 13:44:54,844 [ERROR] ConditionMgr:805 - Attr not supported : Dmpu
2024-11-12 13:44:54,844 [ERROR] ConditionMgr:805 - Attr not supported : Dmpu
2024-11-12 13:44:54,844 [ERROR] ConditionMgr:805 - Attr not supported : Dmpu
2024-11-12 13:44:54,844 [ERROR] ConditionMgr:805 - Attr not supported : Dmpu
2024-11-12 13:44:54,844 [ERROR] ConditionMgr:805 - Attr not supported : Dmpu
2024-11-12 13:44:54,844 [ERROR] ConditionMgr:805 - Attr not supported : Dmpu
2024-11-12 13:44:54,844 [ERROR] ConditionMgr:805 - Attr not supported : Dmpu
2024-11-12 13:44:54,844 [ERROR] ConditionMgr:805 - Attr not supported : Dmpu
2024-11-12 13:44:54,844 [ERROR] ConditionMgr:805 - Attr not supported : Dmpu
2024-11-12 13:44:54,844 [ERROR] ConditionMgr:805 - Attr not supported : Dmpu
2024-11-12 13:44:54,844 [ERROR] ConditionMgr:805 - Attr not supported : Dmpu
2024-11-12 13:44:54,844 [ERROR] ConditionMgr:805 - Attr not supported : Dmpu
2024-11-12 13:44:54,844 [ERROR] ConditionMgr:805 - Attr not supported : Dmpu
2024-11-12 13:44:54,845 [ERROR] ConditionMgr:805 - Attr not supported : Dmpu
2024-11-12 13:44:54,845 [ERROR] ConditionMgr:805 - Attr not supported : Dmpu
2024-11-12 13:44:54,845 [ERROR] ConditionMgr:805 - Attr not supported : Dmpu
2024-11-12 13:44:54,845 [ERROR] ConditionMgr:805 - Attr not supported : Dmpu
2024-11-12 13:44:54,845 [ERROR] ConditionMgr:805 - Attr not supported : Dmpu
2024-11-12 13:44:54,845 [ERROR] ConditionMgr:805 - Attr not supported : Dmpu
2024-11-12 13:44:54,845 [ERROR] ConditionMgr:805 - Attr not supported : Dmpu
2024-11-12 13:44:54,845 [ERROR] ConditionMgr:805 - Attr not supported : Dmpu
2024-11-12 13:44:54,845 [ERROR] ConditionMgr:805 - Attr not supported : Dmpu
2024-11-12 13:44:54,845 [ERROR] ConditionMgr:805 - Attr not supported : Dmpu
2024-11-12 13:44:54,845 [ERROR] ConditionMgr:805 - Attr not supported : Dmpu
2024-11-12 13:44:54,845 [ERROR] ConditionMgr:805 - Attr not supported : Dmpu
2024-11-12 13:44:54,845 [ERROR] ConditionMgr:805 - Attr not supported : Dmpu
2024-11-12 13:44:54,849 [WARN] ConditionMgr:438 - getConditionDescription Invalid condition id : Cortex-A Device cause : null
2024-11-12 13:44:54,878 [WARN] ConditionMgr:1039 - genDependencies : Invalid condition id : Cortex-A Device cause : null
2024-11-12 13:44:54,878 [WARN] ConditionMgr:1039 - genDependencies : Invalid condition id : Cortex-A Device cause : null
2024-11-12 13:44:54,878 [WARN] ConditionMgr:1039 - genDependencies : Invalid condition id : Cortex-A Device cause : null
2024-11-12 13:44:54,879 [INFO] PopulateThirdPartyThread:66 - Ending populate Thread
2024-11-12 13:44:54,884 [INFO] ThirdParty:1030 - CMSIS Pack Vendor :STMicroelectronics X-CUBE-AZRTOS-H7 3.3.0
2024-11-12 13:44:54,884 [INFO] ThirdParty:1030 - CMSIS Pack Vendor :STMicroelectronics X-CUBE-NFC9 1.0.0
2024-11-12 13:44:54,884 [INFO] ThirdParty:1030 - CMSIS Pack Vendor :STMicroelectronics FP-SNS-MOTENVWB1 1.4.0
2024-11-12 13:44:54,884 [INFO] ThirdParty:1030 - CMSIS Pack Vendor :STMicroelectronics X-CUBE-AZRTOS-F4 1.1.0
2024-11-12 13:44:54,884 [INFO] ThirdParty:1030 - CMSIS Pack Vendor :STMicroelectronics FP-ATR-ASTRA1 2.0.1
2024-11-12 13:44:54,884 [INFO] ThirdParty:1030 - CMSIS Pack Vendor :STMicroelectronics X-CUBE-SMBUS 2.1.0
2024-11-12 13:44:54,884 [INFO] ThirdParty:1030 - CMSIS Pack Vendor :STMicroelectronics X-CUBE-WB05N 1.1.0
2024-11-12 13:44:54,884 [INFO] ThirdParty:1030 - CMSIS Pack Vendor :STMicroelectronics X-CUBE-ISPU 2.1.0
2024-11-12 13:44:54,884 [INFO] ThirdParty:1030 - CMSIS Pack Vendor :STMicroelectronics X-CUBE-TCPP 4.1.0
2024-11-12 13:44:54,885 [INFO] ThirdParty:1030 - CMSIS Pack Vendor :STMicroelectronics X-CUBE-FREERTOS 1.2.0
2024-11-12 13:44:54,885 [INFO] ThirdParty:1030 - CMSIS Pack Vendor :STMicroelectronics X-CUBE-IPS 3.0.0
2024-11-12 13:44:54,885 [INFO] ThirdParty:1030 - CMSIS Pack Vendor :STMicroelectronics X-CUBE-AZRTOS-WB 2.0.0
2024-11-12 13:44:54,885 [INFO] ThirdParty:1030 - CMSIS Pack Vendor :STMicroelectronics X-CUBE-GNSS1 7.0.0
2024-11-12 13:44:54,885 [INFO] ThirdParty:1030 - CMSIS Pack Vendor :STMicroelectronics X-CUBE-AZRTOS-F7 1.1.0
2024-11-12 13:44:54,885 [INFO] ThirdParty:1030 - CMSIS Pack Vendor :STMicroelectronics X-CUBE-AZRTOS-L5 2.0.0
2024-11-12 13:44:54,885 [INFO] ThirdParty:1030 - CMSIS Pack Vendor :STMicroelectronics X-CUBE-NFC6 3.1.0
2024-11-12 13:44:54,885 [INFO] ThirdParty:1030 - CMSIS Pack Vendor :STMicroelectronics FP-SNS-STBOX1 2.0.0
2024-11-12 13:44:54,885 [INFO] ThirdParty:1030 - CMSIS Pack Vendor :STMicroelectronics X-CUBE-MEMS1 11.0.0
2024-11-12 13:44:54,885 [INFO] ThirdParty:1030 - CMSIS Pack Vendor :STMicroelectronics X-CUBE-AZRTOS-G0 1.1.0
2024-11-12 13:44:54,885 [INFO] ThirdParty:1030 - CMSIS Pack Vendor :STMicroelectronics X-CUBE-DPower 1.2.0
2024-11-12 13:44:54,885 [INFO] ThirdParty:1030 - CMSIS Pack Vendor :STMicroelectronics X-CUBE-NFC4 3.0.0
2024-11-12 13:44:54,885 [INFO] ThirdParty:1030 - CMSIS Pack Vendor :STMicroelectronics X-CUBE-SAFEA1 1.2.2
2024-11-12 13:44:54,886 [INFO] ThirdParty:1030 - CMSIS Pack Vendor :STMicroelectronics X-CUBE-SUBG2 5.0.0
2024-11-12 13:44:54,886 [INFO] ThirdParty:1030 - CMSIS Pack Vendor :EmbeddedOffice I-CUBE-FS-RTOS 1.0.1
2024-11-12 13:44:54,886 [INFO] ThirdParty:1030 - CMSIS Pack Vendor :STMicroelectronics FP-SNS-FLIGHT1 5.0.2
2024-11-12 13:44:54,886 [INFO] ThirdParty:1030 - CMSIS Pack Vendor :Cesanta I-CUBE-Mongoose 7.13.0
2024-11-12 13:44:54,886 [INFO] ThirdParty:1030 - CMSIS Pack Vendor :STMicroelectronics X-CUBE-AZRTOS-G4 2.0.0
2024-11-12 13:44:54,886 [INFO] ThirdParty:1030 - CMSIS Pack Vendor :STMicroelectronics X-CUBE-DISPLAY 3.0.0
2024-11-12 13:44:54,887 [INFO] ThirdParty:1030 - CMSIS Pack Vendor :RealThread X-CUBE-RT-Thread_Nano 4.1.1
2024-11-12 13:44:54,887 [INFO] ThirdParty:1030 - CMSIS Pack Vendor :STMicroelectronics FP-ATR-SIGFOX1 3.2.0
2024-11-12 13:44:54,887 [INFO] ThirdParty:1030 - CMSIS Pack Vendor :STMicroelectronics X-CUBE-BLE1 7.0.0
2024-11-12 13:44:54,887 [INFO] ThirdParty:1030 - CMSIS Pack Vendor :STMicroelectronics X-CUBE-NFC10 1.0.0
2024-11-12 13:44:54,887 [INFO] ThirdParty:1030 - CMSIS Pack Vendor :quantropi X-CUBE-qispace-sdk-base 1.9.3
2024-11-12 13:44:54,887 [INFO] ThirdParty:1030 - CMSIS Pack Vendor :STMicroelectronics X-CUBE-EEPRMA1 5.1.0
2024-11-12 13:44:54,887 [INFO] ThirdParty:1030 - CMSIS Pack Vendor :STMicroelectronics X-CUBE-ALS 1.0.2
2024-11-12 13:44:54,887 [INFO] ThirdParty:1030 - CMSIS Pack Vendor :emotas I-CUBE-CANOPEN 1.3.0
2024-11-12 13:44:54,887 [INFO] ThirdParty:1030 - CMSIS Pack Vendor :wolfSSL I-CUBE-wolfSSL 5.7.4
2024-11-12 13:44:54,887 [INFO] ThirdParty:1030 - CMSIS Pack Vendor :STMicroelectronics X-CUBE-NFC7 1.0.1
2024-11-12 13:44:54,887 [INFO] ThirdParty:1030 - CMSIS Pack Vendor :ITTIA_DB I-CUBE-ITTIADB 8.9.0
2024-11-12 13:44:54,887 [INFO] ThirdParty:1030 - CMSIS Pack Vendor :STMicroelectronics X-CUBE-TOUCHGFX 4.24.1
2024-11-12 13:44:54,888 [INFO] ThirdParty:1030 - CMSIS Pack Vendor :wolfSSL I-CUBE-wolfTPM 3.4.0
2024-11-12 13:44:54,888 [INFO] ThirdParty:1030 - CMSIS Pack Vendor :portGmbH I-Cube-SoM-uGOAL 1.1.0
2024-11-12 13:44:54,888 [INFO] ThirdParty:1030 - CMSIS Pack Vendor :STMicroelectronics X-CUBE-BLEMGR 3.1.0
2024-11-12 13:44:54,888 [INFO] ThirdParty:1030 - CMSIS Pack Vendor :STMicroelectronics FP-SNS-SMARTAG2 1.2.0
2024-11-12 13:44:54,888 [INFO] ThirdParty:1030 - CMSIS Pack Vendor :STMicroelectronics X-CUBE-AZRTOS-WL 2.0.0
2024-11-12 13:44:54,888 [INFO] ThirdParty:1030 - CMSIS Pack Vendor :SEGGER I-CUBE-embOS 1.3.1
2024-11-12 13:44:54,888 [INFO] ThirdParty:1030 - CMSIS Pack Vendor :STMicroelectronics X-CUBE-ALGOBUILD 1.4.0
2024-11-12 13:44:54,888 [INFO] ThirdParty:1030 - CMSIS Pack Vendor :STMicroelectronics FP-SNS-MOTENV1 5.0.0
2024-11-12 13:44:54,888 [INFO] ThirdParty:1030 - CMSIS Pack Vendor :STMicroelectronics X-CUBE-AZRTOS-H7RS 1.0.0
2024-11-12 13:44:54,888 [INFO] ThirdParty:1030 - CMSIS Pack Vendor :wolfSSL I-CUBE-wolfMQTT 1.19.0
2024-11-12 13:44:54,888 [INFO] ThirdParty:1030 - CMSIS Pack Vendor :STMicroelectronics X-CUBE-AZRTOS-L4 2.0.0
2024-11-12 13:44:54,889 [INFO] ThirdParty:1030 - CMSIS Pack Vendor :WES I-CUBE-Cesium 1.3.0
2024-11-12 13:44:54,889 [INFO] ThirdParty:1030 - CMSIS Pack Vendor :STMicroelectronics X-CUBE-SFXS2LP1 4.0.0
2024-11-12 13:44:54,889 [INFO] ThirdParty:1030 - CMSIS Pack Vendor :STMicroelectronics X-CUBE-BLE2 3.3.0
2024-11-12 13:44:54,889 [INFO] ThirdParty:1030 - CMSIS Pack Vendor :STMicroelectronics X-CUBE-TOF1 3.4.2
2024-11-12 13:44:54,889 [INFO] ThirdParty:1030 - CMSIS Pack Vendor :STMicroelectronics X-CUBE-AI 9.1.0
2024-11-12 13:44:54,889 [INFO] ThirdParty:1030 - CMSIS Pack Vendor :Infineon AIROC-Wi-Fi-Bluetooth-STM32 1.6.1
2024-11-12 13:44:54,889 [INFO] ThirdParty:1030 - CMSIS Pack Vendor :wolfSSL I-CUBE-wolfSSH 1.4.17
2024-11-12 13:44:54,890 [INFO] LoadServerUpdatesThread:375 - End of LoadServerUpdate Thread
2024-11-12 14:25:52,657 [INFO] WebApp:189 - Connection lost
2024-11-12 14:26:17,352 [INFO] WebApp:186 - Connection restablished
2024-11-12 16:00:40,707 [ERROR] LogOutputStream:75 - [STDERR_REDIRECT] 
